This is pdfTeX, Version 3.14159265-2.6-1.40.17 (MiKTeX 2.9.6210 64-bit) (preloaded format=pdflatex 2017.4.10)  10 OCT 2017 19:06
entering extended mode
**./Configuration_UC1_INFR_1_metrics.tex
(Configuration_UC1_INFR_1_metrics.tex
LaTeX2e <2017/01/01> patch level 3
Babel <3.9r> and hyphenation patterns for 75 language(s) loaded.
("C:\Program Files\MiKTeX 2.9\tex\latex\base\article.cls"
Document Class: article 2014/09/29 v1.4h Standard LaTeX document class
("C:\Program Files\MiKTeX 2.9\tex\latex\base\size10.clo"
File: size10.clo 2014/09/29 v1.4h Standard LaTeX file (size option)
)
\c@part=\count79
\c@section=\count80
\c@subsection=\count81
\c@subsubsection=\count82
\c@paragraph=\count83
\c@subparagraph=\count84
\c@figure=\count85
\c@table=\count86
\abovecaptionskip=\skip41
\belowcaptionskip=\skip42
\bibindent=\dimen102
)
(Configuration_UC1_INFR_1_metrics.aux)
\openout1 = `Configuration_UC1_INFR_1_metrics.aux'.

LaTeX Font Info:    Checking defaults for OML/cmm/m/it on input line 8.
LaTeX Font Info:    ... okay on input line 8.
LaTeX Font Info:    Checking defaults for T1/cmr/m/n on input line 8.
LaTeX Font Info:    ... okay on input line 8.
LaTeX Font Info:    Checking defaults for OT1/cmr/m/n on input line 8.
LaTeX Font Info:    ... okay on input line 8.
LaTeX Font Info:    Checking defaults for OMS/cmsy/m/n on input line 8.
LaTeX Font Info:    ... okay on input line 8.
LaTeX Font Info:    Checking defaults for OMX/cmex/m/n on input line 8.
LaTeX Font Info:    ... okay on input line 8.
LaTeX Font Info:    Checking defaults for U/cmr/m/n on input line 8.
LaTeX Font Info:    ... okay on input line 8.
LaTeX Font Info:    External font `cmex10' loaded for size
(Font)              <12> on input line 11.
LaTeX Font Info:    External font `cmex10' loaded for size
(Font)              <8> on input line 11.
LaTeX Font Info:    External font `cmex10' loaded for size
(Font)              <6> on input line 11.

Underfull \hbox (badness 10000) in paragraph at lines 18--19

 []

LaTeX Font Info:    Try loading font information for OMS+cmr on input line 22.
("C:\Program Files\MiKTeX 2.9\tex\latex\base\omscmr.fd"
File: omscmr.fd 2014/09/29 v2.5h Standard LaTeX font definitions
)
LaTeX Font Info:    Font shape `OMS/cmr/m/n' in size <10> not available
(Font)              Font shape `OMS/cmsy/m/n' tried instead on input line 22.

Overfull \hbox (78.41959pt too wide) in paragraph at lines 23--24
[]\OT1/cmr/m/n/10 Configurations-UC1-INFR::Configuration-UC1-INFR-1::UnitTypes:
:ExternalSensorAntenna::SwExternalSensorAntenna 
 []


Overfull \hbox (3.97498pt too wide) in paragraph at lines 25--26
[]\OT1/cmr/m/n/10 Configurations-UC1-INFR::Configuration-UC1-INFR-1::UnitTypes:
:ExternalSensor::SwExternalSensor 
 []


Overfull \hbox (16.25284pt too wide) in paragraph at lines 33--34
[]\OT1/cmr/m/n/10 Configurations-UC1-INFR::Configuration-UC1-INFR-1::UnitTypes:
:QuuppaAntenna::SwQuuppaAntenna 
 []


Overfull \hbox (78.41959pt too wide) in paragraph at lines 39--40
[]\OT1/cmr/m/n/10 Configurations-UC1-INFR::Configuration-UC1-INFR-1::UnitTypes:
:ExternalSensorAntenna::SwExternalSensorAntenna 
 []


Overfull \hbox (3.97498pt too wide) in paragraph at lines 41--42
[]\OT1/cmr/m/n/10 Configurations-UC1-INFR::Configuration-UC1-INFR-1::UnitTypes:
:ExternalSensor::SwExternalSensor 
 []


Overfull \hbox (16.25284pt too wide) in paragraph at lines 49--50
[]\OT1/cmr/m/n/10 Configurations-UC1-INFR::Configuration-UC1-INFR-1::UnitTypes:
:QuuppaAntenna::SwQuuppaAntenna 
 []

[1

{C:/ProgramData/MiKTeX/2.9/pdftex/config/pdftex.map}]
Overfull \hbox (78.41959pt too wide) in paragraph at lines 55--56
[]\OT1/cmr/m/n/10 Configurations-UC1-INFR::Configuration-UC1-INFR-1::UnitTypes:
:ExternalSensorAntenna::SwExternalSensorAntenna 
 []


Overfull \hbox (3.97498pt too wide) in paragraph at lines 57--58
[]\OT1/cmr/m/n/10 Configurations-UC1-INFR::Configuration-UC1-INFR-1::UnitTypes:
:ExternalSensor::SwExternalSensor 
 []


Overfull \hbox (16.25284pt too wide) in paragraph at lines 65--66
[]\OT1/cmr/m/n/10 Configurations-UC1-INFR::Configuration-UC1-INFR-1::UnitTypes:
:QuuppaAntenna::SwQuuppaAntenna 
 []

LaTeX Font Info:    External font `cmex10' loaded for size
(Font)              <7> on input line 68.
LaTeX Font Info:    External font `cmex10' loaded for size
(Font)              <5> on input line 68.

Overfull \hbox (22.54724pt too wide) in paragraph at lines 68--77
[][] 
 []


Underfull \hbox (badness 10000) in paragraph at lines 68--77

 []


Underfull \hbox (badness 10000) in paragraph at lines 68--77

 []


Underfull \hbox (badness 10000) in paragraph at lines 68--77

 []

[2] (Configuration_UC1_INFR_1_metrics.aux) ) 
Here is how much of TeX's memory you used:
 250 strings out of 493333
 2976 string characters out of 3139197
 58256 words of memory out of 3000000
 3852 multiletter control sequences out of 15000+200000
 7895 words of font info for 28 fonts, out of 3000000 for 9000
 1141 hyphenation exceptions out of 8191
 23i,8n,19p,197b,187s stack positions out of 5000i,500n,10000p,200000b,50000s
<C:/Program Files/MiKTeX 2.9/fonts/
type1/public/amsfonts/cm/cmbx10.pfb><C:/Program Files/MiKTeX 2.9/fonts/type1/pu
blic/amsfonts/cm/cmbx12.pfb><C:/Program Files/MiKTeX 2.9/fonts/type1/public/ams
fonts/cm/cmr10.pfb><C:/Program Files/MiKTeX 2.9/fonts/type1/public/amsfonts/cm/
cmr12.pfb><C:/Program Files/MiKTeX 2.9/fonts/type1/public/amsfonts/cm/cmsy10.pf
b>
Output written on Configuration_UC1_INFR_1_metrics.pdf (2 pages, 63856 bytes).
PDF statistics:
 29 PDF objects out of 1000 (max. 8388607)
 0 named destinations out of 1000 (max. 500000)
 1 words of extra memory for PDF output out of 10000 (max. 10000000)

